2023-01-29T17:24:30.508+0530	INFO	web/web.go:37	Web Server Started at :8088
2023-01-29T17:24:53.572+0530	INFO	web/routes.go:47	Client: Mobile
2023-01-29T17:24:53.572+0530	INFO	web/routes.go:48	User-Agent: PostmanRuntime/7.29.2
2023-01-29T17:24:53.572+0530	INFO	utils/evm.go:58	EVMChainList:= [arbitrum ethereum fantom harmony polygon celo optimism xinfin metis avalanche aurora bsc boba zilliqa heco gnosis cronos moonriver moonbeam klaytn bttc iotex tomochain zksync evmos fuse astar]
2023-01-29T17:24:53.572+0530	INFO	utils/evm.go:97	IsEVM: true
2023-01-29T17:25:03.962+0530	INFO	web/routes.go:47	Client: Mobile
2023-01-29T17:25:03.962+0530	INFO	web/routes.go:48	User-Agent: PostmanRuntime/7.29.2
2023-01-29T17:25:03.962+0530	INFO	utils/evm.go:58	EVMChainList:= [arbitrum ethereum fantom harmony polygon celo optimism xinfin metis avalanche aurora bsc boba zilliqa heco gnosis cronos moonriver moonbeam klaytn bttc iotex tomochain zksync evmos fuse astar]
2023-01-29T17:25:03.962+0530	INFO	utils/evm.go:97	IsEVM: true
2023-01-29T17:32:59.115+0530	INFO	web/web.go:37	Web Server Started at :8088
2023-01-29T17:33:15.431+0530	INFO	web/routes.go:47	Client: Mobile
2023-01-29T17:33:15.431+0530	INFO	web/routes.go:48	User-Agent: PostmanRuntime/7.29.2
2023-01-29T17:33:15.431+0530	INFO	utils/evm.go:58	EVMChainList:= [arbitrum ethereum fantom harmony polygon celo optimism xinfin metis avalanche aurora bsc boba zilliqa heco gnosis cronos moonriver moonbeam klaytn bttc iotex tomochain zksync evmos fuse astar]
2023-01-29T17:33:15.431+0530	INFO	utils/evm.go:97	IsEVM: true
2023-01-29T17:33:19.340+0530	INFO	web/routes.go:47	Client: Mobile
2023-01-29T17:33:19.340+0530	INFO	web/routes.go:48	User-Agent: PostmanRuntime/7.29.2
2023-01-29T17:33:19.340+0530	INFO	utils/evm.go:58	EVMChainList:= [arbitrum ethereum fantom harmony polygon celo optimism xinfin metis avalanche aurora bsc boba zilliqa heco gnosis cronos moonriver moonbeam klaytn bttc iotex tomochain zksync evmos fuse astar]
2023-01-29T17:33:19.340+0530	INFO	utils/evm.go:101	IsEVM: false
2023-01-29T17:33:19.340+0530	INFO	utils/cosmos.go:27	CosmosChainList:= [axelar juno cryptoorgchain kujira secretnetwork sifchain crescent akash umee injective bandchain cosmoshub kava osmosis regen stargaze sentinel persistence irisnet agoric shentu impacthub emoney sommelier bostrom gravitybridge stride assetmantle bluzelle cronos terra evmos terra2]
2023-01-29T17:33:19.341+0530	INFO	utils/cosmos.go:51	IsCosmos: false
2023-01-29T17:33:19.341+0530	INFO	utils/evm.go:69	nonEVMChainList:= [solana near aptos]
2023-01-29T17:33:19.341+0530	INFO	utils/nonevm.go:25	IsNonEVM: false
2023-01-29T17:33:19.341+0530	INFO	utils/validation.go:69	Unsupported chain: ethereu
2023-01-29T17:33:22.624+0530	INFO	web/routes.go:47	Client: Mobile
2023-01-29T17:33:22.624+0530	INFO	web/routes.go:48	User-Agent: PostmanRuntime/7.29.2
2023-01-29T17:33:22.624+0530	INFO	utils/evm.go:58	EVMChainList:= [arbitrum ethereum fantom harmony polygon celo optimism xinfin metis avalanche aurora bsc boba zilliqa heco gnosis cronos moonriver moonbeam klaytn bttc iotex tomochain zksync evmos fuse astar]
2023-01-29T17:33:22.624+0530	INFO	utils/evm.go:97	IsEVM: true
2023-01-29T17:37:26.910+0530	INFO	web/web.go:37	Web Server Started at :8088
2023-01-29T17:43:49.544+0530	INFO	web/web.go:37	Web Server Started at :8088
2023-01-29T17:44:05.720+0530	INFO	web/routes.go:47	Client: Mobile
2023-01-29T17:44:05.720+0530	INFO	web/routes.go:48	User-Agent: PostmanRuntime/7.29.2
2023-01-29T17:44:05.721+0530	INFO	utils/evm.go:58	EVMChainList:= [arbitrum ethereum fantom harmony polygon celo optimism xinfin metis avalanche aurora bsc boba zilliqa heco gnosis cronos moonriver moonbeam klaytn bttc iotex tomochain zksync evmos fuse astar]
2023-01-29T17:44:05.721+0530	INFO	utils/evm.go:97	IsEVM: true
2023-01-29T17:46:45.875+0530	INFO	web/web.go:37	Web Server Started at :8088
2023-01-29T17:49:06.577+0530	INFO	web/web.go:37	Web Server Started at :8088
2023-01-29T17:49:19.042+0530	INFO	web/routes.go:47	Client: Mobile
2023-01-29T17:49:19.042+0530	INFO	web/routes.go:48	User-Agent: PostmanRuntime/7.29.2
2023-01-29T17:49:19.042+0530	INFO	utils/evm.go:58	EVMChainList:= [arbitrum ethereum fantom harmony polygon celo optimism xinfin metis avalanche aurora bsc boba zilliqa heco gnosis cronos moonriver moonbeam klaytn bttc iotex tomochain zksync evmos fuse astar]
2023-01-29T17:49:19.042+0530	INFO	utils/evm.go:97	IsEVM: true
2023-01-29T17:51:11.971+0530	INFO	web/web.go:37	Web Server Started at :8088
2023-01-29T17:51:19.826+0530	INFO	web/routes.go:47	Client: Mobile
2023-01-29T17:51:19.826+0530	INFO	web/routes.go:48	User-Agent: PostmanRuntime/7.29.2
2023-01-29T17:51:19.826+0530	INFO	utils/evm.go:58	EVMChainList:= [arbitrum ethereum fantom harmony polygon celo optimism xinfin metis avalanche aurora bsc boba zilliqa heco gnosis cronos moonriver moonbeam klaytn bttc iotex tomochain zksync evmos fuse astar]
2023-01-29T17:51:19.826+0530	INFO	utils/evm.go:97	IsEVM: true
2023-01-29T17:51:32.678+0530	INFO	web/routes.go:47	Client: Mobile
2023-01-29T17:51:32.678+0530	INFO	web/routes.go:48	User-Agent: PostmanRuntime/7.29.2
2023-01-29T17:51:32.678+0530	INFO	utils/evm.go:58	EVMChainList:= [arbitrum ethereum fantom harmony polygon celo optimism xinfin metis avalanche aurora bsc boba zilliqa heco gnosis cronos moonriver moonbeam klaytn bttc iotex tomochain zksync evmos fuse astar]
2023-01-29T17:51:32.678+0530	INFO	utils/evm.go:97	IsEVM: true
2023-01-29T17:52:09.706+0530	INFO	web/web.go:37	Web Server Started at :8088
2023-01-29T18:14:24.612+0530	INFO	web/web.go:37	Web Server Started at :8088
2023-01-29T18:14:39.222+0530	INFO	web/routes.go:47	Client: Mobile
2023-01-29T18:14:39.222+0530	INFO	web/routes.go:48	User-Agent: PostmanRuntime/7.29.2
2023-01-29T18:14:39.223+0530	INFO	utils/evm.go:58	EVMChainList:= [arbitrum ethereum fantom harmony polygon celo optimism xinfin metis avalanche aurora bsc boba zilliqa heco gnosis cronos moonriver moonbeam klaytn bttc iotex tomochain zksync evmos fuse astar]
2023-01-29T18:14:39.223+0530	INFO	utils/evm.go:97	IsEVM: true
2023-01-29T18:14:39.895+0530	INFO	web/routes.go:47	Client: Mobile
2023-01-29T18:14:39.895+0530	INFO	web/routes.go:48	User-Agent: PostmanRuntime/7.29.2
2023-01-29T18:14:39.895+0530	INFO	utils/evm.go:58	EVMChainList:= [arbitrum ethereum fantom harmony polygon celo optimism xinfin metis avalanche aurora bsc boba zilliqa heco gnosis cronos moonriver moonbeam klaytn bttc iotex tomochain zksync evmos fuse astar]
2023-01-29T18:14:39.895+0530	INFO	utils/evm.go:97	IsEVM: true
2023-01-30T10:22:54.063+0530	INFO	web/web.go:37	Web Server Started at :8088
2023-01-30T10:23:10.251+0530	INFO	web/routes.go:47	Client: Mobile
2023-01-30T10:23:10.251+0530	INFO	web/routes.go:48	User-Agent: PostmanRuntime/7.29.2
2023-01-30T10:23:10.251+0530	INFO	utils/evm.go:58	EVMChainList:= [arbitrum ethereum fantom harmony polygon celo optimism xinfin metis avalanche aurora bsc boba zilliqa heco gnosis cronos moonriver moonbeam klaytn bttc iotex tomochain zksync evmos fuse astar]
2023-01-30T10:23:10.251+0530	INFO	utils/evm.go:97	IsEVM: true
2023-01-30T10:24:40.948+0530	INFO	web/routes.go:47	Client: Mobile
2023-01-30T10:24:40.948+0530	INFO	web/routes.go:48	User-Agent: PostmanRuntime/7.29.2
2023-01-30T10:24:40.948+0530	INFO	utils/evm.go:58	EVMChainList:= [arbitrum ethereum fantom harmony polygon celo optimism xinfin metis avalanche aurora bsc boba zilliqa heco gnosis cronos moonriver moonbeam klaytn bttc iotex tomochain zksync evmos fuse astar]
2023-01-30T10:24:40.948+0530	INFO	utils/evm.go:97	IsEVM: true
2023-01-30T10:36:05.932+0530	INFO	web/web.go:37	Web Server Started at :8088
2023-01-30T14:46:37.691+0530	INFO	web/web.go:37	Web Server Started at :8088
2023-01-30T14:46:53.315+0530	INFO	web/routes.go:44	Client: Mobile
2023-01-30T14:46:53.315+0530	INFO	web/routes.go:45	User-Agent: PostmanRuntime/7.29.2
2023-01-30T14:46:53.315+0530	INFO	utils/evm.go:58	EVMChainList:= [arbitrum ethereum fantom harmony polygon celo optimism xinfin metis avalanche aurora bsc boba zilliqa heco gnosis cronos moonriver moonbeam klaytn bttc iotex tomochain zksync evmos fuse astar]
2023-01-30T14:46:53.315+0530	INFO	utils/evm.go:101	IsEVM: false
2023-01-30T14:46:53.315+0530	INFO	utils/cosmos.go:27	CosmosChainList:= [axelar juno cryptoorgchain kujira secretnetwork sifchain crescent akash umee injective bandchain cosmoshub kava osmosis regen stargaze sentinel persistence irisnet agoric shentu impacthub emoney sommelier bostrom gravitybridge stride assetmantle bluzelle cronos terra evmos terra2]
2023-01-30T14:46:53.315+0530	INFO	utils/cosmos.go:51	IsCosmos: false
2023-01-30T14:46:53.315+0530	INFO	utils/evm.go:69	nonEVMChainList:= [solana near aptos]
2023-01-30T14:46:53.316+0530	INFO	utils/nonevm.go:25	IsNonEVM: false
2023-01-30T14:46:53.316+0530	INFO	utils/validation.go:69	Unsupported chain: atom
2023-01-30T14:56:35.411+0530	INFO	web/web.go:37	Web Server Started at :8088
2023-01-30T14:56:49.336+0530	INFO	web/routes.go:44	Client: Mobile
2023-01-30T14:56:49.336+0530	INFO	web/routes.go:45	User-Agent: PostmanRuntime/7.29.2
2023-01-30T14:56:49.336+0530	INFO	utils/evm.go:58	EVMChainList:= [arbitrum ethereum fantom harmony polygon celo optimism xinfin metis avalanche aurora bsc boba zilliqa heco gnosis cronos moonriver moonbeam klaytn bttc iotex tomochain zksync evmos fuse astar]
2023-01-30T14:56:49.336+0530	INFO	utils/evm.go:101	IsEVM: false
2023-01-30T14:56:49.337+0530	INFO	utils/cosmos.go:27	CosmosChainList:= [axelar juno cryptoorgchain kujira secretnetwork sifchain crescent akash umee injective bandchain cosmoshub kava osmosis regen stargaze sentinel persistence irisnet agoric shentu impacthub emoney sommelier bostrom gravitybridge stride assetmantle bluzelle cronos terra evmos terra2]
2023-01-30T14:56:49.337+0530	INFO	utils/cosmos.go:51	IsCosmos: false
2023-01-30T14:56:49.337+0530	INFO	utils/evm.go:69	nonEVMChainList:= [solana near aptos]
2023-01-30T14:56:49.337+0530	INFO	utils/nonevm.go:25	IsNonEVM: false
2023-01-30T14:56:49.337+0530	INFO	utils/validation.go:69	Unsupported chain: atom
2023-01-30T14:58:08.367+0530	INFO	web/web.go:37	Web Server Started at :8088
2023-01-30T14:58:17.894+0530	INFO	web/routes.go:44	Client: Mobile
2023-01-30T14:58:17.895+0530	INFO	web/routes.go:45	User-Agent: PostmanRuntime/7.29.2
2023-01-30T14:58:17.895+0530	INFO	utils/evm.go:58	EVMChainList:= [arbitrum ethereum fantom harmony polygon celo optimism xinfin metis avalanche aurora bsc boba zilliqa heco gnosis cronos moonriver moonbeam klaytn bttc iotex tomochain zksync evmos fuse astar]
2023-01-30T14:58:17.895+0530	INFO	utils/evm.go:101	IsEVM: false
2023-01-30T14:58:17.895+0530	INFO	utils/cosmos.go:27	CosmosChainList:= [axelar juno cryptoorgchain kujira secretnetwork sifchain crescent akash umee injective bandchain cosmoshub kava osmosis regen stargaze sentinel persistence irisnet agoric shentu impacthub emoney sommelier bostrom gravitybridge stride assetmantle bluzelle cronos terra evmos terra2]
2023-01-30T14:58:17.895+0530	INFO	utils/cosmos.go:51	IsCosmos: false
2023-01-30T14:58:17.895+0530	INFO	utils/evm.go:69	nonEVMChainList:= [solana near aptos]
2023-01-30T14:58:17.895+0530	INFO	utils/nonevm.go:25	IsNonEVM: false
2023-01-30T14:58:17.895+0530	INFO	utils/validation.go:69	Unsupported chain: atom
2023-01-30T15:04:23.849+0530	INFO	web/web.go:37	Web Server Started at :8088
2023-01-30T15:04:37.593+0530	INFO	web/routes.go:44	Client: Mobile
2023-01-30T15:04:37.593+0530	INFO	web/routes.go:45	User-Agent: PostmanRuntime/7.29.2
2023-01-30T15:04:37.594+0530	INFO	utils/evm.go:58	EVMChainList:= [arbitrum ethereum fantom harmony polygon celo optimism xinfin metis avalanche aurora bsc boba zilliqa heco gnosis cronos moonriver moonbeam klaytn bttc iotex tomochain zksync evmos fuse astar]
2023-01-30T15:04:37.594+0530	INFO	utils/evm.go:101	IsEVM: false
2023-01-30T15:04:37.594+0530	INFO	utils/cosmos.go:27	CosmosChainList:= [axelar juno cryptoorgchain kujira secretnetwork sifchain crescent akash umee injective bandchain cosmoshub kava osmosis regen stargaze sentinel persistence irisnet agoric shentu impacthub emoney sommelier bostrom gravitybridge stride assetmantle bluzelle cronos terra evmos terra2]
2023-01-30T15:04:37.594+0530	INFO	utils/cosmos.go:51	IsCosmos: false
2023-01-30T15:04:37.594+0530	INFO	utils/evm.go:69	nonEVMChainList:= [solana near aptos]
2023-01-30T15:04:37.594+0530	INFO	utils/nonevm.go:25	IsNonEVM: false
2023-01-30T15:04:37.594+0530	INFO	utils/validation.go:69	Unsupported chain: atom
2023-01-30T15:04:52.335+0530	INFO	web/routes.go:44	Client: Mobile
2023-01-30T15:04:52.335+0530	INFO	web/routes.go:45	User-Agent: PostmanRuntime/7.29.2
2023-01-30T15:04:52.335+0530	INFO	utils/evm.go:58	EVMChainList:= [arbitrum ethereum fantom harmony polygon celo optimism xinfin metis avalanche aurora bsc boba zilliqa heco gnosis cronos moonriver moonbeam klaytn bttc iotex tomochain zksync evmos fuse astar]
2023-01-30T15:04:52.335+0530	INFO	utils/evm.go:97	IsEVM: true
2023-01-30T15:08:48.366+0530	INFO	web/web.go:37	Web Server Started at :8088
2023-01-30T15:08:56.966+0530	INFO	web/routes.go:44	Client: Mobile
2023-01-30T15:08:56.966+0530	INFO	web/routes.go:45	User-Agent: PostmanRuntime/7.29.2
2023-01-30T15:08:56.966+0530	INFO	utils/evm.go:58	EVMChainList:= [arbitrum ethereum fantom harmony polygon celo optimism xinfin metis avalanche aurora bsc boba zilliqa heco gnosis cronos moonriver moonbeam klaytn bttc iotex tomochain zksync evmos fuse astar]
2023-01-30T15:08:56.967+0530	INFO	utils/evm.go:97	IsEVM: true
2023-01-30T15:10:47.343+0530	INFO	web/web.go:37	Web Server Started at :8088
2023-01-30T15:10:59.145+0530	INFO	web/routes.go:44	Client: Mobile
2023-01-30T15:10:59.145+0530	INFO	web/routes.go:45	User-Agent: PostmanRuntime/7.29.2
2023-01-30T15:10:59.145+0530	INFO	utils/evm.go:58	EVMChainList:= [arbitrum ethereum fantom harmony polygon celo optimism xinfin metis avalanche aurora bsc boba zilliqa heco gnosis cronos moonriver moonbeam klaytn bttc iotex tomochain zksync evmos fuse astar]
2023-01-30T15:10:59.145+0530	INFO	utils/evm.go:97	IsEVM: true
2023-01-30T15:14:24.680+0530	INFO	web/web.go:37	Web Server Started at :8088
2023-01-30T15:15:23.966+0530	INFO	web/web.go:37	Web Server Started at :8088
2023-01-30T15:16:03.628+0530	INFO	web/web.go:37	Web Server Started at :8088
2023-01-30T15:16:24.881+0530	INFO	web/web.go:37	Web Server Started at :8088
2023-01-30T15:17:21.526+0530	INFO	web/web.go:37	Web Server Started at :8088
2023-01-30T15:19:25.858+0530	INFO	web/web.go:37	Web Server Started at :8088
2023-01-30T15:20:56.621+0530	INFO	web/web.go:37	Web Server Started at :8088
2023-01-30T15:23:38.397+0530	INFO	web/web.go:37	Web Server Started at :8088
2023-01-30T15:23:51.426+0530	INFO	web/routes.go:44	Client: Mobile
2023-01-30T15:23:51.426+0530	INFO	web/routes.go:45	User-Agent: PostmanRuntime/7.29.2
2023-01-30T15:23:51.426+0530	INFO	utils/evm.go:58	EVMChainList:= [arbitrum ethereum fantom harmony polygon celo optimism xinfin metis avalanche aurora bsc boba zilliqa heco gnosis cronos moonriver moonbeam klaytn bttc iotex tomochain zksync evmos fuse astar]
2023-01-30T15:23:51.426+0530	INFO	utils/evm.go:97	IsEVM: true
2023-01-30T15:24:51.876+0530	INFO	web/web.go:37	Web Server Started at :8088
2023-01-30T15:25:01.106+0530	INFO	web/routes.go:44	Client: Mobile
2023-01-30T15:25:01.106+0530	INFO	web/routes.go:45	User-Agent: PostmanRuntime/7.29.2
2023-01-30T15:25:01.106+0530	INFO	utils/evm.go:58	EVMChainList:= [arbitrum ethereum fantom harmony polygon celo optimism xinfin metis avalanche aurora bsc boba zilliqa heco gnosis cronos moonriver moonbeam klaytn bttc iotex tomochain zksync evmos fuse astar]
2023-01-30T15:25:01.106+0530	INFO	utils/evm.go:97	IsEVM: true
2023-01-30T15:27:03.026+0530	INFO	web/web.go:37	Web Server Started at :8088
2023-01-30T15:27:15.290+0530	INFO	web/routes.go:44	Client: Mobile
2023-01-30T15:27:15.291+0530	INFO	web/routes.go:45	User-Agent: PostmanRuntime/7.29.2
2023-01-30T15:27:15.291+0530	INFO	utils/evm.go:58	EVMChainList:= [arbitrum ethereum fantom harmony polygon celo optimism xinfin metis avalanche aurora bsc boba zilliqa heco gnosis cronos moonriver moonbeam klaytn bttc iotex tomochain zksync evmos fuse astar]
2023-01-30T15:27:15.291+0530	INFO	utils/evm.go:97	IsEVM: true
2023-01-30T15:28:31.781+0530	INFO	web/routes.go:44	Client: Mobile
2023-01-30T15:28:31.781+0530	INFO	web/routes.go:45	User-Agent: PostmanRuntime/7.29.2
2023-01-30T15:28:31.781+0530	INFO	utils/evm.go:58	EVMChainList:= [arbitrum ethereum fantom harmony polygon celo optimism xinfin metis avalanche aurora bsc boba zilliqa heco gnosis cronos moonriver moonbeam klaytn bttc iotex tomochain zksync evmos fuse astar]
2023-01-30T15:28:31.781+0530	INFO	utils/evm.go:97	IsEVM: true
2023-01-30T15:29:21.910+0530	INFO	web/web.go:37	Web Server Started at :8088
2023-01-30T15:29:33.935+0530	INFO	utils/evm.go:58	EVMChainList:= [arbitrum ethereum fantom harmony polygon celo optimism xinfin metis avalanche aurora bsc boba zilliqa heco gnosis cronos moonriver moonbeam klaytn bttc iotex tomochain zksync evmos fuse astar]
2023-01-30T15:29:33.936+0530	INFO	utils/evm.go:97	IsEVM: true
2023-01-30T15:30:28.830+0530	INFO	web/web.go:37	Web Server Started at :8088
2023-01-30T15:30:43.991+0530	INFO	utils/evm.go:58	EVMChainList:= [arbitrum ethereum fantom harmony polygon celo optimism xinfin metis avalanche aurora bsc boba zilliqa heco gnosis cronos moonriver moonbeam klaytn bttc iotex tomochain zksync evmos fuse astar]
2023-01-30T15:30:43.992+0530	INFO	utils/evm.go:97	IsEVM: true
2023-01-30T15:46:30.957+0530	INFO	web/web.go:37	Web Server Started at :8088
2023-01-30T15:50:49.858+0530	INFO	web/web.go:37	Web Server Started at :8088
2023-01-30T15:53:41.033+0530	INFO	web/web.go:37	Web Server Started at :8088
2023-01-30T15:54:31.792+0530	INFO	web/web.go:37	Web Server Started at :8088
2023-01-30T15:55:20.697+0530	INFO	web/web.go:37	Web Server Started at :8088
2023-01-30T15:55:59.077+0530	INFO	web/web.go:37	Web Server Started at :8088
2023-01-30T15:56:16.138+0530	INFO	utils/evm.go:58	EVMChainList:= [arbitrum ethereum fantom harmony polygon celo optimism xinfin metis avalanche aurora bsc boba zilliqa heco gnosis cronos moonriver moonbeam klaytn bttc iotex tomochain zksync evmos fuse astar]
2023-01-30T15:56:16.138+0530	INFO	utils/evm.go:97	IsEVM: true
2023-01-30T15:56:31.866+0530	INFO	utils/evm.go:58	EVMChainList:= [arbitrum ethereum fantom harmony polygon celo optimism xinfin metis avalanche aurora bsc boba zilliqa heco gnosis cronos moonriver moonbeam klaytn bttc iotex tomochain zksync evmos fuse astar]
2023-01-30T15:56:31.880+0530	INFO	utils/evm.go:97	IsEVM: true
2023-01-30T16:01:34.962+0530	INFO	web/web.go:37	Web Server Started at :8088
2023-01-30T16:04:29.182+0530	INFO	web/web.go:37	Web Server Started at :8088
2023-01-30T16:10:02.448+0530	INFO	web/web.go:37	Web Server Started at :8088
2023-01-30T16:10:17.663+0530	INFO	utils/evm.go:58	EVMChainList:= [arbitrum ethereum fantom harmony polygon celo optimism xinfin metis avalanche aurora bsc boba zilliqa heco gnosis cronos moonriver moonbeam klaytn bttc iotex tomochain zksync evmos fuse astar]
2023-01-30T16:10:17.663+0530	INFO	utils/evm.go:97	IsEVM: true
2023-01-30T16:10:19.015+0530	INFO	utils/evm.go:58	EVMChainList:= [arbitrum ethereum fantom harmony polygon celo optimism xinfin metis avalanche aurora bsc boba zilliqa heco gnosis cronos moonriver moonbeam klaytn bttc iotex tomochain zksync evmos fuse astar]
2023-01-30T16:10:19.015+0530	INFO	utils/evm.go:97	IsEVM: true
2023-01-30T16:10:38.506+0530	INFO	utils/evm.go:58	EVMChainList:= [arbitrum ethereum fantom harmony polygon celo optimism xinfin metis avalanche aurora bsc boba zilliqa heco gnosis cronos moonriver moonbeam klaytn bttc iotex tomochain zksync evmos fuse astar]
2023-01-30T16:10:38.506+0530	INFO	utils/evm.go:97	IsEVM: true
2023-01-30T16:10:39.342+0530	INFO	utils/evm.go:58	EVMChainList:= [arbitrum ethereum fantom harmony polygon celo optimism xinfin metis avalanche aurora bsc boba zilliqa heco gnosis cronos moonriver moonbeam klaytn bttc iotex tomochain zksync evmos fuse astar]
2023-01-30T16:10:39.342+0530	INFO	utils/evm.go:97	IsEVM: true
2023-01-30T16:13:02.744+0530	INFO	utils/evm.go:58	EVMChainList:= [arbitrum ethereum fantom harmony polygon celo optimism xinfin metis avalanche aurora bsc boba zilliqa heco gnosis cronos moonriver moonbeam klaytn bttc iotex tomochain zksync evmos fuse astar]
2023-01-30T16:13:02.749+0530	INFO	utils/evm.go:101	IsEVM: false
2023-01-30T16:13:02.750+0530	INFO	utils/cosmos.go:27	CosmosChainList:= [axelar juno cryptoorgchain kujira secretnetwork sifchain crescent akash umee injective bandchain cosmoshub kava osmosis regen stargaze sentinel persistence irisnet agoric shentu impacthub emoney sommelier bostrom gravitybridge stride assetmantle bluzelle cronos terra evmos terra2]
2023-01-30T16:13:02.750+0530	INFO	utils/cosmos.go:51	IsCosmos: false
2023-01-30T16:13:02.750+0530	INFO	utils/evm.go:69	nonEVMChainList:= [solana near aptos]
2023-01-30T16:13:02.750+0530	INFO	utils/nonevm.go:21	IsNonEVM: true
2023-01-30T16:13:05.755+0530	INFO	utils/evm.go:58	EVMChainList:= [arbitrum ethereum fantom harmony polygon celo optimism xinfin metis avalanche aurora bsc boba zilliqa heco gnosis cronos moonriver moonbeam klaytn bttc iotex tomochain zksync evmos fuse astar]
2023-01-30T16:13:05.755+0530	INFO	utils/evm.go:101	IsEVM: false
2023-01-30T16:13:05.755+0530	INFO	utils/cosmos.go:27	CosmosChainList:= [axelar juno cryptoorgchain kujira secretnetwork sifchain crescent akash umee injective bandchain cosmoshub kava osmosis regen stargaze sentinel persistence irisnet agoric shentu impacthub emoney sommelier bostrom gravitybridge stride assetmantle bluzelle cronos terra evmos terra2]
2023-01-30T16:13:05.755+0530	INFO	utils/cosmos.go:51	IsCosmos: false
2023-01-30T16:13:05.755+0530	INFO	utils/evm.go:69	nonEVMChainList:= [solana near aptos]
2023-01-30T16:13:05.755+0530	INFO	utils/nonevm.go:21	IsNonEVM: true
2023-01-30T16:13:27.158+0530	INFO	utils/evm.go:58	EVMChainList:= [arbitrum ethereum fantom harmony polygon celo optimism xinfin metis avalanche aurora bsc boba zilliqa heco gnosis cronos moonriver moonbeam klaytn bttc iotex tomochain zksync evmos fuse astar]
2023-01-30T16:13:27.158+0530	INFO	utils/evm.go:101	IsEVM: false
2023-01-30T16:13:27.158+0530	INFO	utils/cosmos.go:27	CosmosChainList:= [axelar juno cryptoorgchain kujira secretnetwork sifchain crescent akash umee injective bandchain cosmoshub kava osmosis regen stargaze sentinel persistence irisnet agoric shentu impacthub emoney sommelier bostrom gravitybridge stride assetmantle bluzelle cronos terra evmos terra2]
2023-01-30T16:13:27.158+0530	INFO	utils/cosmos.go:51	IsCosmos: false
2023-01-30T16:13:27.158+0530	INFO	utils/evm.go:69	nonEVMChainList:= [solana near aptos]
2023-01-30T16:13:27.158+0530	INFO	utils/nonevm.go:21	IsNonEVM: true
2023-01-30T16:13:27.859+0530	INFO	utils/evm.go:58	EVMChainList:= [arbitrum ethereum fantom harmony polygon celo optimism xinfin metis avalanche aurora bsc boba zilliqa heco gnosis cronos moonriver moonbeam klaytn bttc iotex tomochain zksync evmos fuse astar]
2023-01-30T16:13:27.859+0530	INFO	utils/evm.go:101	IsEVM: false
2023-01-30T16:13:27.859+0530	INFO	utils/cosmos.go:27	CosmosChainList:= [axelar juno cryptoorgchain kujira secretnetwork sifchain crescent akash umee injective bandchain cosmoshub kava osmosis regen stargaze sentinel persistence irisnet agoric shentu impacthub emoney sommelier bostrom gravitybridge stride assetmantle bluzelle cronos terra evmos terra2]
2023-01-30T16:13:27.859+0530	INFO	utils/cosmos.go:51	IsCosmos: false
2023-01-30T16:13:27.859+0530	INFO	utils/evm.go:69	nonEVMChainList:= [solana near aptos]
2023-01-30T16:13:27.859+0530	INFO	utils/nonevm.go:21	IsNonEVM: true
2023-01-30T16:29:57.906+0530	INFO	web/web.go:37	Web Server Started at :8088
2023-01-30T16:35:17.058+0530	INFO	web/web.go:37	Web Server Started at :8088
2023-01-30T16:43:11.145+0530	INFO	web/web.go:37	Web Server Started at :8088
2023-01-30T16:43:23.220+0530	ERROR	web/web.go:41	listen tcp :8088: bind: address already in use
2023-01-30T16:45:12.898+0530	INFO	web/web.go:37	Web Server Started at :8088
2023-01-30T16:45:15.006+0530	ERROR	web/web.go:41	listen tcp :8088: bind: address already in use
2023-01-30T16:45:46.952+0530	INFO	web/web.go:37	Web Server Started at :8088
2023-01-30T16:46:03.875+0530	INFO	utils/evm.go:58	EVMChainList:= [arbitrum ethereum fantom harmony polygon celo optimism xinfin metis avalanche aurora bsc boba zilliqa heco gnosis cronos moonriver moonbeam klaytn bttc iotex tomochain zksync evmos fuse astar]
2023-01-30T16:46:03.876+0530	INFO	utils/evm.go:101	IsEVM: false
2023-01-30T16:46:03.876+0530	INFO	utils/cosmos.go:27	CosmosChainList:= [axelar juno cryptoorgchain kujira secretnetwork sifchain crescent akash umee injective bandchain cosmoshub kava osmosis regen stargaze sentinel persistence irisnet agoric shentu impacthub emoney sommelier bostrom gravitybridge stride assetmantle bluzelle cronos terra evmos terra2]
2023-01-30T16:46:03.876+0530	INFO	utils/cosmos.go:51	IsCosmos: false
2023-01-30T16:46:03.876+0530	INFO	utils/evm.go:69	nonEVMChainList:= [solana near aptos]
2023-01-30T16:46:03.876+0530	INFO	utils/nonevm.go:21	IsNonEVM: true
2023-01-30T17:00:44.356+0530	INFO	web/web.go:37	Web Server Started at :8088
2023-01-30T17:01:11.062+0530	INFO	utils/evm.go:58	EVMChainList:= [arbitrum ethereum fantom harmony polygon celo optimism xinfin metis avalanche aurora bsc boba zilliqa heco gnosis cronos moonriver moonbeam klaytn bttc iotex tomochain zksync evmos fuse astar]
2023-01-30T17:01:11.062+0530	INFO	utils/evm.go:101	IsEVM: false
2023-01-30T17:01:11.062+0530	INFO	utils/cosmos.go:27	CosmosChainList:= [axelar juno cryptoorgchain kujira secretnetwork sifchain crescent akash umee injective bandchain cosmoshub kava osmosis regen stargaze sentinel persistence irisnet agoric shentu impacthub emoney sommelier bostrom gravitybridge stride assetmantle bluzelle cronos terra evmos terra2]
2023-01-30T17:01:11.062+0530	INFO	utils/cosmos.go:51	IsCosmos: false
2023-01-30T17:01:11.062+0530	INFO	utils/evm.go:69	nonEVMChainList:= [solana near aptos]
2023-01-30T17:01:11.062+0530	INFO	utils/nonevm.go:21	IsNonEVM: true
2023-01-30T17:09:09.872+0530	INFO	utils/evm.go:58	EVMChainList:= [arbitrum ethereum fantom harmony polygon celo optimism xinfin metis avalanche aurora bsc boba zilliqa heco gnosis cronos moonriver moonbeam klaytn bttc iotex tomochain zksync evmos fuse astar]
2023-01-30T17:09:09.872+0530	INFO	utils/evm.go:97	IsEVM: true
2023-01-30T17:13:19.440+0530	INFO	web/web.go:37	Web Server Started at :8088
